#
# There is insufficient memory for the Java Runtime Environment to continue.
# Native memory allocation (mmap) failed to map 134217728 bytes for Failed to commit area from 0x0000000081400000 to 0x0000000089400000 of length 134217728.
# Possible reasons:
#   The system is out of physical RAM or swap space
#   The process is running with CompressedOops enabled, and the Java Heap may be blocking the growth of the native heap
# Possible solutions:
#   Reduce memory load on the system
#   Increase physical memory or swap space
#   Check if swap backing store is full
#   Decrease Java heap size (-Xmx/-Xms)
#   Decrease number of Java threads
#   Decrease Java thread stack sizes (-Xss)
#   Set larger code cache with -XX:ReservedCodeCacheSize=
# This output file may be truncated or incomplete.
#
#  Out of Memory Error (t:/workspace/open/src/hotspot/os/windows/os_windows.cpp:3254), pid=13276, tid=10132
#
# JRE version:  (12.0.1+12) (build )
# Java VM: Java HotSpot(TM) 64-Bit Server VM (12.0.1+12, mixed mode, aot, sharing, tiered, compressed oops, g1 gc, windows-amd64)
# No core dump will be written. Minidumps are not enabled by default on client versions of Windows
#

---------------  S U M M A R Y ------------

Command Line: --module-path=C:\Program Files\Java\javafx-sdk-15\lib --add-modules=javafx.controls,javafx.fxml -Dfile.encoding=Cp1252 ch.makery.address.Main

Host: Intel(R) Core(TM) i5-4590S CPU @ 3.00GHz, 4 cores, 7G,  Windows 10 , 64 bit Build 19041 (10.0.19041.804)
Time: Wed May 12 16:30:20 2021 Hora de verano romance elapsed time: 0 seconds (0d 0h 0m 0s)

---------------  T H R E A D  ---------------

Current thread (0x000001cd18564800):  JavaThread "Unknown thread" [_thread_in_vm, id=10132, stack(0x0000005621100000,0x0000005621200000)]

Stack: [0x0000005621100000,0x0000005621200000]
Native frames: (J=compiled Java code, j=interpreted, Vv=VM code, C=native code)
V  [jvm.dll+0x63948a]
V  [jvm.dll+0x78b31f]
V  [jvm.dll+0x78c9c1]
V  [jvm.dll+0x78d013]
V  [jvm.dll+0x262138]
V  [jvm.dll+0x63698a]
V  [jvm.dll+0x62b505]
V  [jvm.dll+0x31d9bc]
V  [jvm.dll+0x31d7ef]
V  [jvm.dll+0x323526]
V  [jvm.dll+0x370f76]
V  [jvm.dll+0x370750]
V  [jvm.dll+0x2f786a]
V  [jvm.dll+0x2f8af2]
V  [jvm.dll+0x7657b7]
V  [jvm.dll+0x766e95]
V  [jvm.dll+0x37f089]
V  [jvm.dll+0x749b14]
V  [jvm.dll+0x3ee48d]
V  [jvm.dll+0x3f03c1]
C  [jli.dll+0x51cf]
C  [ucrtbase.dll+0x21bb2]
C  [KERNEL32.DLL+0x17034]
C  [ntdll.dll+0x52651]


---------------  P R O C E S S  ---------------

Threads class SMR info:
_java_thread_list=0x00007ffac71648e8, length=0, elements={
}

Java Threads: ( => current thread )

Other Threads:
  0x000001cd185a4800 GCTaskThread "GC Thread#0" [stack: 0x0000005621200000,0x0000005621300000] [id=6728]
  0x000001cd185b5800 ConcurrentGCThread "G1 Main Marker" [stack: 0x0000005621300000,0x0000005621400000] [id=4744]
  0x000001cd185b7000 ConcurrentGCThread "G1 Conc#0" [stack: 0x0000005621400000,0x0000005621500000] [id=2864]

[error occurred during error reporting (printing all threads), id 0xc0000005, EXCEPTION_ACCESS_VIOLATION (0xc0000005) at pc=0x00007ffac6997a37]

VM state:not at safepoint (not fully initialized)

VM Mutex/Monitor currently owned by a thread:  ([mutex/lock_event])
[0x000001cd185606a0] Heap_lock - owner thread: 0x000001cd18564800

Heap address: 0x0000000081400000, size: 2028 MB, Compressed Oops mode: Non-zero based: 0x0000000081400000
Narrow klass base: 0x0000000000000000, Narrow klass shift: 0

GC Heap History (0 events):
No events

Deoptimization events (0 events):
No events

Classes redefined (0 events):
No events

Internal exceptions (0 events):
No events

Events (0 events):
No events


Dynamic libraries:
0x00007ff7b4fd0000 - 0x00007ff7b4fdf000 	C:\Program Files\Java\jdk-12.0.1\bin\javaw.exe
0x00007ffb08710000 - 0x00007ffb08905000 	C:\WINDOWS\SYSTEM32\ntdll.dll
0x00007ffb06bc0000 - 0x00007ffb06c7d000 	C:\WINDOWS\System32\KERNEL32.DLL
0x00007ffb06080000 - 0x00007ffb06349000 	C:\WINDOWS\System32\KERNELBASE.dll
0x00007ffb05e50000 - 0x00007ffb05f50000 	C:\WINDOWS\System32\ucrtbase.dll
0x00007ffaf05b0000 - 0x00007ffaf05c6000 	C:\Program Files\Java\jdk-12.0.1\bin\VCRUNTIME140.dll
0x00007ffaf0050000 - 0x00007ffaf0068000 	C:\Program Files\Java\jdk-12.0.1\bin\jli.dll
0x00007ffb07c50000 - 0x00007ffb07cfc000 	C:\WINDOWS\System32\ADVAPI32.dll
0x00007ffb06900000 - 0x00007ffb0699e000 	C:\WINDOWS\System32\msvcrt.dll
0x00007ffb07fe0000 - 0x00007ffb0807c000 	C:\WINDOWS\System32\sechost.dll
0x00007ffb070b0000 - 0x00007ffb071db000 	C:\WINDOWS\System32\RPCRT4.dll
0x00007ffb06a20000 - 0x00007ffb06bc0000 	C:\WINDOWS\System32\USER32.dll
0x00007ffb064b0000 - 0x00007ffb064d2000 	C:\WINDOWS\System32\win32u.dll
0x00007ffb086a0000 - 0x00007ffb086ca000 	C:\WINDOWS\System32\GDI32.dll
0x00007ffaef2f0000 - 0x00007ffaef58a000 	C:\WINDOWS\WinSxS\amd64_microsoft.windows.common-controls_6595b64144ccf1df_6.0.19041.844_none_ca00b6081b84eb1d\COMCTL32.dll
0x00007ffb065c0000 - 0x00007ffb066cb000 	C:\WINDOWS\System32\gdi32full.dll
0x00007ffb066d0000 - 0x00007ffb0676d000 	C:\WINDOWS\System32\msvcp_win.dll
0x00007ffafc250000 - 0x00007ffafc25a000 	C:\WINDOWS\SYSTEM32\VERSION.dll
0x00007ffb06c90000 - 0x00007ffb06cc0000 	C:\WINDOWS\System32\IMM32.DLL
0x00007ffae25c0000 - 0x00007ffae266a000 	C:\Program Files\Java\jdk-12.0.1\bin\msvcp140.dll
0x00007ffac6690000 - 0x00007ffac7204000 	C:\Program Files\Java\jdk-12.0.1\bin\server\jvm.dll
0x00007ffb08690000 - 0x00007ffb08698000 	C:\WINDOWS\System32\PSAPI.DLL
0x00007ffaf2580000 - 0x00007ffaf2589000 	C:\WINDOWS\SYSTEM32\WSOCK32.dll
0x00007ffb07a50000 - 0x00007ffb07abb000 	C:\WINDOWS\System32\WS2_32.dll
0x00007ffafa780000 - 0x00007ffafa7a7000 	C:\WINDOWS\SYSTEM32\WINMM.dll
0x00007ffb04a80000 - 0x00007ffb04a92000 	C:\WINDOWS\SYSTEM32\kernel.appcore.dll
0x00007ffb00da0000 - 0x00007ffb00db1000 	C:\Program Files\Java\jdk-12.0.1\bin\verify.dll
0x00007ffb03990000 - 0x00007ffb03b74000 	C:\WINDOWS\SYSTEM32\DBGHELP.DLL
0x00007ffaf91d0000 - 0x00007ffaf91fc000 	C:\WINDOWS\SYSTEM32\dbgcore.DLL
0x00007ffb05fa0000 - 0x00007ffb06020000 	C:\WINDOWS\System32\bcryptPrimitives.dll
0x00007ffaf4e50000 - 0x00007ffaf4e76000 	C:\Program Files\Java\jdk-12.0.1\bin\java.dll
0x00007ffb00690000 - 0x00007ffb006a7000 	C:\Program Files\Java\jdk-12.0.1\bin\zip.dll
0x00007ffb01050000 - 0x00007ffb0105a000 	C:\Program Files\Java\jdk-12.0.1\bin\jimage.dll

dbghelp: loaded successfully - version: 4.0.5 - missing functions: none
symbol engine: initialized successfully - sym options: 0x614 - pdb path: .;C:\Program Files\Java\jdk-12.0.1\bin;C:\WINDOWS\SYSTEM32;C:\WINDOWS\WinSxS\amd64_microsoft.windows.common-controls_6595b64144ccf1df_6.0.19041.844_none_ca00b6081b84eb1d;C:\Program Files\Java\jdk-12.0.1\bin\server

VM Arguments:
jvm_args: --module-path=C:\Program Files\Java\javafx-sdk-15\lib --add-modules=javafx.controls,javafx.fxml -Dfile.encoding=Cp1252 
java_command: ch.makery.address.Main
java_class_path (initial): E:\Eclipse\Pruebas\EjercicioFX_Unidad10\bin;C:\Program Files\Java\javafx-sdk-15\lib\javafx.base.jar;C:\Program Files\Java\javafx-sdk-15\lib\javafx.controls.jar;C:\Program Files\Java\javafx-sdk-15\lib\javafx.fxml.jar;C:\Program Files\Java\javafx-sdk-15\lib\javafx.graphics.jar;C:\Program Files\Java\javafx-sdk-15\lib\javafx.media.jar;C:\Program Files\Java\javafx-sdk-15\lib\javafx.swing.jar;C:\Program Files\Java\javafx-sdk-15\lib\javafx.web.jar;C:\Program Files\Java\javafx-sdk-15\lib\javafx-swt.jar;C:\Users\Vespertino\Documents\eclipse JavaFX\plugins\org.eclipse.fx.ide.css.jfx8_3.7.0.202010120832.jar
Launcher Type: SUN_STANDARD

[Global flags]
     intx CICompilerCount                          = 3                                         {product} {ergonomic}
     uint ConcGCThreads                            = 1                                         {product} {ergonomic}
     uint G1ConcRefinementThreads                  = 4                                         {product} {ergonomic}
   size_t G1HeapRegionSize                         = 1048576                                   {product} {ergonomic}
    uintx GCDrainStackTargetSize                   = 64                                        {product} {ergonomic}
   size_t InitialHeapSize                          = 134217728                                 {product} {ergonomic}
   size_t MarkStackSize                            = 4194304                                   {product} {ergonomic}
   size_t MaxHeapSize                              = 2126512128                                {product} {ergonomic}
   size_t MinHeapDeltaBytes                        = 1048576                                   {product} {ergonomic}
    uintx NonNMethodCodeHeapSize                   = 5830732                                {pd product} {ergonomic}
    uintx NonProfiledCodeHeapSize                  = 122913754                              {pd product} {ergonomic}
    uintx ProfiledCodeHeapSize                     = 122913754                              {pd product} {ergonomic}
    uintx ReservedCodeCacheSize                    = 251658240                              {pd product} {ergonomic}
     bool SegmentedCodeCache                       = true                                      {product} {ergonomic}
     bool UseCompressedClassPointers               = true                                 {lp64_product} {ergonomic}
     bool UseCompressedOops                        = true                                 {lp64_product} {ergonomic}
     bool UseG1GC                                  = true                                      {product} {ergonomic}
     bool UseLargePagesIndividualAllocation        = false                                  {pd product} {ergonomic}

Logging:
Log output configuration:
 #0: stdout all=warning uptime,level,tags
 #1: stderr all=off uptime,level,tags

Environment Variables:
JAVA_HOME=C:\Program Files\Java\jdk-12.0.1
PATH=C:/Program Files/Java/jdk-12.0.1/bin/server;C:/Program Files/Java/jdk-12.0.1/bin;%JAVA_HOME\bin;C:\Program Files (x86)\Common Files\Oracle\Java\javapath;C:\WINDOWS\system32;C:\WINDOWS;C:\WINDOWS\System32\Wbem;C:\WINDOWS\System32\WindowsPowerShell\v1.0\;C:\WINDOWS\System32\OpenSSH\;C:\xampp\php;C:\ProgramData\ComposerSetup\bin;C:\Program Files\Git\cmd;C:\Program Files\Symfony;C:\Users\Vespertino\AppData\Local\Microsoft\WindowsApps;;C:\Users\Vespertino\AppData\Local\Programs\Microsoft VS Code\bin;C:\Users\Vespertino\AppData\Roaming\Composer\vendor\bin;C:\Program Files\JetBrains\IntelliJ IDEA 2021.1\bin;;C:\Users\Vespertino\Documents\eclipse JavaFX;
USERNAME=Vespertino
OS=Windows_NT
PROCESSOR_IDENTIFIER=Intel64 Family 6 Model 60 Stepping 3, GenuineIntel



---------------  S Y S T E M  ---------------

OS: Windows 10 , 64 bit Build 19041 (10.0.19041.804)

CPU:total 4 (initial active 4) (4 cores per cpu, 1 threads per core) family 6 model 60 stepping 3, cmov, cx8, fxsr, mmx, sse, sse2, sse3, ssse3, sse4.1, sse4.2, popcnt, avx, avx2, aes, clmul, erms, lzcnt, tsc, tscinvbit, bmi1, bmi2, fma

Memory: 4k page, system-wide physical 8109M (1128M free)
TotalPageFile size 9826M (AvailPageFile size 46M)
current process WorkingSet (physical memory assigned to process): 10M, peak: 10M
current process commit charge ("private bytes"): 51M, peak: 179M

vm_info: Java HotSpot(TM) 64-Bit Server VM (12.0.1+12) for windows-amd64 JRE (12.0.1+12), built on Apr  2 2019 14:02:19 by "mach5one" with MS VC++ 15.5 (VS2017)

END.
